FILE_TYPE=LIBRARY_PARTS;
PRIMITIVE 'TPD2E009DBZR','TPD2E009DBZR_SOT23 (3-Pin)';
  PIN
    'D+':
      PIN_NUMBER='(1)';
      NO_LOAD_CHECK=BOTH;
      NO_IO_CHECK=BOTH;
      ALLOW_CONNECT=TRUE;
      PINUSE='UNSPEC';
    'D-':
      PIN_NUMBER='(2)';
      NO_LOAD_CHECK=BOTH;
      NO_IO_CHECK=BOTH;
      ALLOW_CONNECT=TRUE;
      PINUSE='UNSPEC';
    'GND':
      PIN_NUMBER='(3)';
      NO_LOAD_CHECK=BOTH;
      NO_IO_CHECK=BOTH;
      ALLOW_CONNECT=TRUE;
      PINUSE='GROUND';
  END_PIN;
  BODY
    PART_NAME='TPD2E009DBZR';
    PHYS_DES_PREFIX='IC';
    NO_LOAD_CHECK='TRUE';
    PIN_COUNT='3';
    BODY_NAME='TPD2E009DBZR';
    JEDEC_TYPE='SOT95P237X112-3N';
  END_BODY;
END_PRIMITIVE;
END.
